<?xml version="1.0" encoding="UTF-8"?>
<testng-results skipped="0" failed="0" ignored="0" total="1" passed="1">
  <reporter-output>
  </reporter-output>
  <suite name="Default Suite" duration-ms="22140" started-at="2021-01-22T17:17:16 ICT" finished-at="2021-01-22T17:17:39 ICT">
    <groups>
    </groups>
    <test name="SeleniumLevel1" duration-ms="22140" started-at="2021-01-22T17:17:16 ICT" finished-at="2021-01-22T17:17:39 ICT">
      <class name="Railway.BookingTest">
        <test-method status="PASS" signature="beforeClass()[pri:0, instance:Railway.BookingTest@523884b2]" name="beforeClass" is-config="true" duration-ms="15099" started-at="2021-01-22T17:17:16 ICT" finished-at="2021-01-22T17:17:31 ICT">
          <reporter-output>
          </reporter-output>
        </test-method> <!-- beforeClass -->
        <test-method status="PASS" signature="beforeMethod()[pri:0, instance:Railway.BookingTest@523884b2]" name="beforeMethod" is-config="true" duration-ms="3838" started-at="2021-01-22T17:17:32 ICT" finished-at="2021-01-22T17:17:35 ICT">
          <reporter-output>
          </reporter-output>
        </test-method> <!-- beforeMethod -->
        <test-method status="PASS" signature="TC14()[pri:0, instance:Railway.BookingTest@523884b2]" name="TC14" duration-ms="3144" started-at="2021-01-22T17:17:35 ICT" finished-at="2021-01-22T17:17:38 ICT">
          <reporter-output>
          </reporter-output>
        </test-method> <!-- TC14 -->
        <test-method status="PASS" signature="afterClass()[pri:0, instance:Railway.BookingTest@523884b2]" name="afterClass" is-config="true" duration-ms="1" started-at="2021-01-22T17:17:39 ICT" finished-at="2021-01-22T17:17:39 ICT">
          <reporter-output>
          </reporter-output>
        </test-method> <!-- afterClass -->
      </class> <!-- Railway.BookingTest -->
    </test> <!-- SeleniumLevel1 -->
  </suite> <!-- Default Suite -->
</testng-results>
